{"/home/luiscarlos/Documentos/projetos/template-vite/src/vite-env.d.ts": {"path":"/home/luiscarlos/Documentos/projetos/template-vite/src/vite-env.d.ts","statementMap":{},"fnMap":{},"branchMap":{},"s":{},"f":{},"b":{},"inputSourceMap":null}
,"/home/luiscarlos/Documentos/projetos/template-vite/src/assets/export-icons.ts": {"path":"/home/luiscarlos/Documentos/projetos/template-vite/src/assets/export-icons.ts","statementMap":{},"fnMap":{},"branchMap":{},"s":{},"f":{},"b":{},"inputSourceMap":null}
,"/home/luiscarlos/Documentos/projetos/template-vite/src/components/Header/styles.ts": {"path":"/home/luiscarlos/Documentos/projetos/template-vite/src/components/Header/styles.ts","statementMap":{"0":{"start":{"line":3,"column":23},"end":{"line":3,"column":38}},"1":{"start":{"line":4,"column":29},"end":{"line":4,"column":41}},"2":{"start":{"line":5,"column":20},"end":{"line":5,"column":32}},"3":{"start":{"line":6,"column":23},"end":{"line":6,"column":34}}},"fnMap":{},"branchMap":{},"s":{"0":0,"1":0,"2":0,"3":0},"f":{},"b":{},"inputSourceMap":null}
,"/home/luiscarlos/Documentos/projetos/template-vite/src/styles/Global.ts": {"path":"/home/luiscarlos/Documentos/projetos/template-vite/src/styles/Global.ts","statementMap":{"0":{"start":{"line":11,"column":19},"end":{"line":26,"column":3}}},"fnMap":{"0":{"name":"(anonymous_0)","decl":{"start":{"line":11,"column":4},"end":{"line":11,"column":5}},"loc":{"start":{"line":11,"column":19},"end":{"line":26,"column":3}},"line":11}},"branchMap":{},"s":{"0":0},"f":{"0":0},"b":{},"inputSourceMap":null}
}
