{"/home/luiscarlos/Documentos/projetos/template-vite/src/App.tsx": {"path":"/home/luiscarlos/Documentos/projetos/template-vite/src/App.tsx","statementMap":{"0":{"start":{"line":1,"column":12},"end":{"line":1,"column":30}},"1":{"start":{"line":1,"column":18},"end":{"line":1,"column":30}}},"fnMap":{"0":{"name":"(anonymous_0)","decl":{"start":{"line":1,"column":12},"end":{"line":1,"column":13}},"loc":{"start":{"line":1,"column":18},"end":{"line":1,"column":30}},"line":1}},"branchMap":{},"s":{"0":0,"1":0},"f":{"0":0},"b":{}}
,"/home/luiscarlos/Documentos/projetos/template-vite/src/main.tsx": {"path":"/home/luiscarlos/Documentos/projetos/template-vite/src/main.tsx","statementMap":{"0":{"start":{"line":9,"column":0},"end":{"line":17,"column":2}}},"fnMap":{},"branchMap":{},"s":{"0":0},"f":{},"b":{}}
,"/home/luiscarlos/Documentos/projetos/template-vite/src/vite-env.d.ts": {"path":"/home/luiscarlos/Documentos/projetos/template-vite/src/vite-env.d.ts","statementMap":{},"fnMap":{},"branchMap":{},"s":{},"f":{},"b":{}}
,"/home/luiscarlos/Documentos/projetos/template-vite/src/@types/styled-components.d.ts": {"path":"/home/luiscarlos/Documentos/projetos/template-vite/src/@types/styled-components.d.ts","statementMap":{},"fnMap":{},"branchMap":{},"s":{},"f":{},"b":{}}
,"/home/luiscarlos/Documentos/projetos/template-vite/src/assets/export-icons.ts": {"path":"/home/luiscarlos/Documentos/projetos/template-vite/src/assets/export-icons.ts","statementMap":{},"fnMap":{},"branchMap":{},"s":{},"f":{},"b":{}}
,"/home/luiscarlos/Documentos/projetos/template-vite/src/components/Header/index.tsx": {"path":"/home/luiscarlos/Documentos/projetos/template-vite/src/components/Header/index.tsx","statementMap":{"0":{"start":{"line":3,"column":15},"end":{"line":7,"column":1}},"1":{"start":{"line":4,"column":2},"end":{"line":6,"column":19}}},"fnMap":{"0":{"name":"(anonymous_0)","decl":{"start":{"line":3,"column":15},"end":{"line":3,"column":16}},"loc":{"start":{"line":4,"column":2},"end":{"line":6,"column":19}},"line":4}},"branchMap":{},"s":{"0":1,"1":1},"f":{"0":1},"b":{},"_coverageSchema":"1a1c01bbd47fc00a2c39e90264f33305004495a9","hash":"a73ecf971df67d0ee3bccfb65bbd22c0de1db49a"}
,"/home/luiscarlos/Documentos/projetos/template-vite/src/components/Header/stories.tsx": {"path":"/home/luiscarlos/Documentos/projetos/template-vite/src/components/Header/stories.tsx","statementMap":{"0":{"start":{"line":9,"column":54},"end":{"line":9,"column":70}},"1":{"start":{"line":9,"column":60},"end":{"line":9,"column":70}}},"fnMap":{"0":{"name":"(anonymous_0)","decl":{"start":{"line":9,"column":54},"end":{"line":9,"column":55}},"loc":{"start":{"line":9,"column":60},"end":{"line":9,"column":70}},"line":9}},"branchMap":{},"s":{"0":0,"1":0},"f":{"0":0},"b":{}}
,"/home/luiscarlos/Documentos/projetos/template-vite/src/components/Header/styles.ts": {"path":"/home/luiscarlos/Documentos/projetos/template-vite/src/components/Header/styles.ts","statementMap":{"0":{"start":{"line":3,"column":23},"end":{"line":3,"column":39}}},"fnMap":{},"branchMap":{},"s":{"0":1},"f":{},"b":{},"_coverageSchema":"1a1c01bbd47fc00a2c39e90264f33305004495a9","hash":"49441abcb5e9b9652a1c07bb5677acbb81159d80"}
,"/home/luiscarlos/Documentos/projetos/template-vite/src/styles/Global.ts": {"path":"/home/luiscarlos/Documentos/projetos/template-vite/src/styles/Global.ts","statementMap":{"0":{"start":{"line":11,"column":19},"end":{"line":26,"column":3}}},"fnMap":{"0":{"name":"(anonymous_0)","decl":{"start":{"line":11,"column":4},"end":{"line":11,"column":5}},"loc":{"start":{"line":11,"column":19},"end":{"line":26,"column":3}},"line":11}},"branchMap":{},"s":{"0":0},"f":{"0":0},"b":{}}
,"/home/luiscarlos/Documentos/projetos/template-vite/src/styles/theme.ts": {"path":"/home/luiscarlos/Documentos/projetos/template-vite/src/styles/theme.ts","statementMap":{"0":{"start":{"line":1,"column":16},"end":{"line":1,"column":53}},"1":{"start":{"line":1,"column":35},"end":{"line":1,"column":53}}},"fnMap":{"0":{"name":"(anonymous_0)","decl":{"start":{"line":1,"column":16},"end":{"line":1,"column":17}},"loc":{"start":{"line":1,"column":35},"end":{"line":1,"column":53}},"line":1}},"branchMap":{},"s":{"0":1,"1":19},"f":{"0":19},"b":{},"_coverageSchema":"1a1c01bbd47fc00a2c39e90264f33305004495a9","hash":"cde1a3c6de0badf98ba87d0c33721edfd14ed100"}
,"/home/luiscarlos/Documentos/projetos/template-vite/src/utils/tests/helper.tsx": {"path":"/home/luiscarlos/Documentos/projetos/template-vite/src/utils/tests/helper.tsx","statementMap":{"0":{"start":{"line":6,"column":31},"end":{"line":8,"column":1}},"1":{"start":{"line":7,"column":2},"end":{"line":7,"column":73}}},"fnMap":{"0":{"name":"(anonymous_0)","decl":{"start":{"line":6,"column":31},"end":{"line":6,"column":32}},"loc":{"start":{"line":6,"column":76},"end":{"line":8,"column":1}},"line":6}},"branchMap":{},"s":{"0":1,"1":1},"f":{"0":1},"b":{},"_coverageSchema":"1a1c01bbd47fc00a2c39e90264f33305004495a9","hash":"336fb1ff6e1caf79495fbaa586a559769614e247"}
}
